  stdafx.cpp
  TestMenu.cpp
  Sortierverfahren.cpp
  Sorter.cpp
  SortAlgorithmMenu.cpp
  SelectionSorter.cpp
  RandomRangeDataGenerator.cpp
  RandomDataGenerator.cpp
  RadixSorter.cpp
  QuickSorter.cpp
  NamedLinkedList.cpp
  MergeSorter.cpp
  InsertionSorter.cpp
  DumbSorter.cpp
  DescendingNumbersDataGenerator.cpp
  DataGeneratorMenu.cpp
  DataGenerator.cpp
  DataArray.cpp
  BucketSorter.cpp
  BubbleSorter.cpp
  AscendingNumbersDataGenerator.cpp
  Code wird generiert...
  Kompilieren...
  AddSorterQuestionMenu.cpp
  AddDataSetQuestionMenu.cpp
  Code wird generiert...
  Menu.cpp
  Sortierverfahren.vcxproj -> C:\Users\Tobias\documents\visual studio 2013\Projects\Sortierverfahren\Debug\Sortierverfahren.exe
