c:\users\tobias\documents\visual studio 2013\projects\sortierverfahren\sortierverfahren\debug\sortierverfahren.pch
c:\users\tobias\documents\visual studio 2013\projects\sortierverfahren\sortierverfahren\debug\vc120.pdb
c:\users\tobias\documents\visual studio 2013\projects\sortierverfahren\sortierverfahren\debug\vc120.idb
c:\users\tobias\documents\visual studio 2013\projects\sortierverfahren\sortierverfahren\debug\stdafx.obj
c:\users\tobias\documents\visual studio 2013\projects\sortierverfahren\sortierverfahren\debug\addsorterquestionmenu.obj
c:\users\tobias\documents\visual studio 2013\projects\sortierverfahren\sortierverfahren\debug\ascendingnumbersdatagenerator.obj
c:\users\tobias\documents\visual studio 2013\projects\sortierverfahren\sortierverfahren\debug\bubblesorter.obj
c:\users\tobias\documents\visual studio 2013\projects\sortierverfahren\sortierverfahren\debug\bucketsorter.obj
c:\users\tobias\documents\visual studio 2013\projects\sortierverfahren\sortierverfahren\debug\dataarray.obj
c:\users\tobias\documents\visual studio 2013\projects\sortierverfahren\sortierverfahren\debug\datagenerator.obj
c:\users\tobias\documents\visual studio 2013\projects\sortierverfahren\sortierverfahren\debug\datageneratormenu.obj
c:\users\tobias\documents\visual studio 2013\projects\sortierverfahren\sortierverfahren\debug\descendingnumbersdatagenerator.obj
c:\users\tobias\documents\visual studio 2013\projects\sortierverfahren\sortierverfahren\debug\dumbsorter.obj
c:\users\tobias\documents\visual studio 2013\projects\sortierverfahren\sortierverfahren\debug\insertionsorter.obj
c:\users\tobias\documents\visual studio 2013\projects\sortierverfahren\sortierverfahren\debug\mergesorter.obj
c:\users\tobias\documents\visual studio 2013\projects\sortierverfahren\sortierverfahren\debug\namedlinkedlist.obj
c:\users\tobias\documents\visual studio 2013\projects\sortierverfahren\sortierverfahren\debug\quicksorter.obj
c:\users\tobias\documents\visual studio 2013\projects\sortierverfahren\sortierverfahren\debug\randomdatagenerator.obj
c:\users\tobias\documents\visual studio 2013\projects\sortierverfahren\sortierverfahren\debug\randomrangedatagenerator.obj
c:\users\tobias\documents\visual studio 2013\projects\sortierverfahren\sortierverfahren\debug\selectionsorter.obj
c:\users\tobias\documents\visual studio 2013\projects\sortierverfahren\sortierverfahren\debug\sortalgorithmmenu.obj
c:\users\tobias\documents\visual studio 2013\projects\sortierverfahren\sortierverfahren\debug\sorter.obj
c:\users\tobias\documents\visual studio 2013\projects\sortierverfahren\sortierverfahren\debug\sortierverfahren.obj
c:\users\tobias\documents\visual studio 2013\projects\sortierverfahren\sortierverfahren\debug\testmenu.obj
c:\users\tobias\documents\visual studio 2013\projects\sortierverfahren\sortierverfahren\debug\adddatasetquestionmenu.obj
c:\users\tobias\documents\visual studio 2013\projects\sortierverfahren\sortierverfahren\debug\menu.obj
c:\users\tobias\documents\visual studio 2013\projects\sortierverfahren\debug\sortierverfahren.ilk
c:\users\tobias\documents\visual studio 2013\projects\sortierverfahren\debug\sortierverfahren.exe
c:\users\tobias\documents\visual studio 2013\projects\sortierverfahren\debug\sortierverfahren.pdb
c:\users\tobias\documents\visual studio 2013\projects\sortierverfahren\sortierverfahren\debug\sortierverfahren.res
c:\users\tobias\documents\visual studio 2013\projects\sortierverfahren\sortierverfahren\debug\sortierverfahren.tlog\cl.command.1.tlog
c:\users\tobias\documents\visual studio 2013\projects\sortierverfahren\sortierverfahren\debug\sortierverfahren.tlog\cl.read.1.tlog
c:\users\tobias\documents\visual studio 2013\projects\sortierverfahren\sortierverfahren\debug\sortierverfahren.tlog\cl.write.1.tlog
c:\users\tobias\documents\visual studio 2013\projects\sortierverfahren\sortierverfahren\debug\sortierverfahren.tlog\link.command.1.tlog
c:\users\tobias\documents\visual studio 2013\projects\sortierverfahren\sortierverfahren\debug\sortierverfahren.tlog\link.read.1.tlog
c:\users\tobias\documents\visual studio 2013\projects\sortierverfahren\sortierverfahren\debug\sortierverfahren.tlog\link.write.1.tlog
c:\users\tobias\documents\visual studio 2013\projects\sortierverfahren\sortierverfahren\debug\sortierverfahren.tlog\rc.command.1.tlog
c:\users\tobias\documents\visual studio 2013\projects\sortierverfahren\sortierverfahren\debug\sortierverfahren.tlog\rc.read.1.tlog
c:\users\tobias\documents\visual studio 2013\projects\sortierverfahren\sortierverfahren\debug\sortierverfahren.tlog\rc.write.1.tlog
